<?xml version="1.0" encoding="UTF-8"?>
<!-- Generated by org.testng.reporters.JUnitXMLReporter -->
<testsuite ignored="5" hostname="WahidHPZ220" failures="0" tests="1" name="Default test" time="2.624" errors="0" timestamp="2022-05-07T23:44:51 PDT">
  <testcase classname="rest_api_test.RestAPI" name="test_6" time="2.585"/>
  <testcase classname="rest_api_test.RestAPI" name="test_2" time="0.0">
    <ignored/>
  </testcase> <!-- test_2 -->
  <testcase classname="rest_api_test.RestAPI" name="test_5" time="0.0">
    <ignored/>
  </testcase> <!-- test_5 -->
  <testcase classname="rest_api_test.RestAPI" name="test_3" time="0.0">
    <ignored/>
  </testcase> <!-- test_3 -->
  <testcase classname="rest_api_test.RestAPI" name="test_4" time="0.0">
    <ignored/>
  </testcase> <!-- test_4 -->
  <testcase classname="rest_api_test.RestAPI" name="test_1" time="0.0">
    <ignored/>
  </testcase> <!-- test_1 -->
</testsuite> <!-- Default test -->
