<?xml version="1.0" encoding="UTF-8"?>
<testng-results ignored="4" total="5" passed="1" failed="0" skipped="0">
  <reporter-output>
  </reporter-output>
  <suite started-at="2022-05-07T22:18:45 PDT" name="Default suite" finished-at="2022-05-07T22:18:48 PDT" duration-ms="2580">
    <groups>
    </groups>
    <test started-at="2022-05-07T22:18:45 PDT" name="Default test" finished-at="2022-05-07T22:18:48 PDT" duration-ms="2580">
      <class name="rest_api_test.RestAPI">
        <test-method signature="test_2()[pri:0, instance:rest_api_test.RestAPI@759d26fb]" started-at="2022-05-07T22:18:45 PDT" name="test_2" finished-at="2022-05-07T22:18:48 PDT" duration-ms="2544" status="PASS">
          <reporter-output>
          </reporter-output>
        </test-method> <!-- test_2 -->
      </class> <!-- rest_api_test.RestAPI -->
    </test> <!-- Default test -->
  </suite> <!-- Default suite -->
</testng-results>
