<?xml version="1.0" encoding="UTF-8"?>
<testng-results ignored="5" total="6" passed="1" failed="0" skipped="0">
  <reporter-output>
  </reporter-output>
  <suite started-at="2022-05-07T23:44:49 PDT" name="Default suite" finished-at="2022-05-07T23:44:51 PDT" duration-ms="2624">
    <groups>
    </groups>
    <test started-at="2022-05-07T23:44:49 PDT" name="Default test" finished-at="2022-05-07T23:44:51 PDT" duration-ms="2624">
      <class name="rest_api_test.RestAPI">
        <test-method signature="test_6()[pri:0, instance:rest_api_test.RestAPI@3c73951]" started-at="2022-05-07T23:44:49 PDT" name="test_6" finished-at="2022-05-07T23:44:51 PDT" duration-ms="2585" status="PASS">
          <reporter-output>
          </reporter-output>
        </test-method> <!-- test_6 -->
      </class> <!-- rest_api_test.RestAPI -->
    </test> <!-- Default test -->
  </suite> <!-- Default suite -->
</testng-results>
